12/08/20 12:45:39  Application restart
12/08/20 12:45:39  Default settings in use.
12/08/20 12:46:44  Application restart
12/08/20 02:26:23  Application restart -settings change
12/08/20 02:26:24  Default settings are in use.
12/08/20 02:27:13  Application restart -settings change
12/08/20 02:29:27  Default settings are in use.
12/08/20 02:30:19  Application restart -settings change
13/08/20 09:21:51  Application restart -settings change
13/08/20 09:21:56  Application restart -settings change
13/08/20 09:21:57  Default settings are in use.
13/08/20 09:31:05  Default settings are in use.
13/08/20 09:31:55  Default settings are in use.
13/08/20 09:32:08  Default settings are in use.
13/08/20 09:32:30  Default settings are in use.
13/08/20 09:39:04  Default settings are in use.
13/08/20 09:43:56  Default settings are in use.
13/08/20 09:47:53  Default settings are in use.
13/08/20 09:48:42  Default settings are in use.
13/08/20 09:50:22  Default settings are in use.
13/08/20 09:50:36  Default settings are in use.
13/08/20 09:54:36  Default settings are in use.
13/08/20 09:55:17  Default settings are in use.
13/08/20 09:56:37  Default settings are in use.
13/08/20 10:12:15  Default settings are in use.
13/08/20 10:14:12  Default settings are in use.
13/08/20 10:17:35  Default settings are in use.
13/08/20 10:21:15  Default settings are in use.
13/08/20 10:22:14  Default settings are in use.
13/08/20 10:23:00  Default settings are in use.
13/08/20 10:24:53  Default settings are in use.
13/08/20 10:30:40  Default settings are in use.
13/08/20 10:32:29  Default settings are in use.
13/08/20 10:33:20  Default settings are in use.
13/08/20 10:33:43  Default settings are in use.
13/08/20 10:35:02  Default settings are in use.
13/08/20 10:36:28  Default settings are in use.
13/08/20 10:39:05  Default settings are in use.
13/08/20 10:39:50  Default settings are in use.
13/08/20 10:40:25  Default settings are in use.
13/08/20 10:40:40  Default settings are in use.
13/08/20 10:40:58  Default settings are in use.
13/08/20 10:41:59  Default settings are in use.
13/08/20 10:42:33  Default settings are in use.
13/08/20 10:43:00  Default settings are in use.
13/08/20 10:43:35  Default settings are in use.
13/08/20 10:44:04  Default settings are in use.
13/08/20 10:50:14  Default settings are in use.
13/08/20 10:50:25  Default settings are in use.
13/08/20 10:51:29  Default settings are in use.
13/08/20 11:22:52  Default settings are in use.
13/08/20 11:24:38  Default settings are in use.
13/08/20 11:24:56  Default settings are in use.
13/08/20 11:25:46  Default settings are in use.
13/08/20 11:28:36  Default settings are in use.
13/08/20 11:29:44  Default settings are in use.
13/08/20 11:30:15  Default settings are in use.
13/08/20 11:30:37  Default settings are in use.
13/08/20 11:32:05  Default settings are in use.
13/08/20 11:32:36  Default settings are in use.
13/08/20 11:33:21  Default settings are in use.
13/08/20 11:35:35  Default settings are in use.
13/08/20 11:36:08  Default settings are in use.
13/08/20 11:36:29  Default settings are in use.
13/08/20 11:38:25  Default settings are in use.
13/08/20 11:38:44  Default settings are in use.
13/08/20 11:45:08  Default settings are in use.
13/08/20 11:46:19  Default settings are in use.
13/08/20 11:46:41  Default settings are in use.
13/08/20 11:47:05  Default settings are in use.
13/08/20 11:49:42  Default settings are in use.
13/08/20 11:54:53  Default settings are in use.
13/08/20 11:55:52  Default settings are in use.
13/08/20 11:57:36  Default settings are in use.
13/08/20 11:58:59  Default settings are in use.
13/08/20 12:01:23  Default settings are in use.
13/08/20 12:01:46  Default settings are in use.
13/08/20 12:03:35  Default settings are in use.
13/08/20 12:07:46  Default settings are in use.
13/08/20 12:08:10  Default settings are in use.
13/08/20 12:08:50  Default settings are in use.
13/08/20 12:09:36  Default settings are in use.
13/08/20 12:13:18  Default settings are in use.
13/08/20 12:13:39  Default settings are in use.
13/08/20 12:17:32  Default settings are in use.
13/08/20 12:28:57  Default settings are in use.
13/08/20 12:42:29  Default settings are in use.
13/08/20 12:45:52  Default settings are in use.
13/08/20 12:57:01  Default settings are in use.
13/08/20 01:03:10  Default settings are in use.
13/08/20 01:04:03  Default settings are in use.
13/08/20 01:04:18  Default settings are in use.
13/08/20 01:10:42  Default settings are in use.
13/08/20 01:11:06  Default settings are in use.
13/08/20 01:11:33  Default settings are in use.
13/08/20 01:12:45  Default settings are in use.
13/08/20 01:13:54  Default settings are in use.
13/08/20 01:14:40  Default settings are in use.
13/08/20 01:15:05  Default settings are in use.
13/08/20 01:16:49  Default settings are in use.
13/08/20 01:17:14  Default settings are in use.
13/08/20 01:21:36  Default settings are in use.
13/08/20 01:22:13  Default settings are in use.
13/08/20 01:22:53  Default settings are in use.
13/08/20 01:51:44  Default settings are in use.
13/08/20 01:55:50  Default settings are in use.
13/08/20 01:56:35  Default settings are in use.
13/08/20 01:57:06  Default settings are in use.
13/08/20 02:00:02  Default settings are in use.
13/08/20 02:00:41  Default settings are in use.
13/08/20 02:01:30  Default settings are in use.
13/08/20 02:01:51  Default settings are in use.
13/08/20 02:03:05  Default settings are in use.
13/08/20 02:03:31  Default settings are in use.
13/08/20 02:04:10  Default settings are in use.
13/08/20 02:04:59  Default settings are in use.
13/08/20 02:05:41  Default settings are in use.
13/08/20 02:06:59  Default settings are in use.
13/08/20 02:07:45  Default settings are in use.
13/08/20 02:09:37  Default settings are in use.
13/08/20 02:10:25  Default settings are in use.
13/08/20 02:10:56  Default settings are in use.
13/08/20 02:34:19  Default settings are in use.
13/08/20 02:34:42  Default settings are in use.
13/08/20 02:35:17  Default settings are in use.
13/08/20 02:36:12  Default settings are in use.
13/08/20 02:36:35  Default settings are in use.
13/08/20 02:37:21  Default settings are in use.
13/08/20 02:38:04  Default settings are in use.
13/08/20 02:38:33  Default settings are in use.
13/08/20 02:39:10  Default settings are in use.
13/08/20 02:39:36  Default settings are in use.
13/08/20 02:40:25  Default settings are in use.
13/08/20 02:41:23  Default settings are in use.
13/08/20 02:44:36  Default settings are in use.
13/08/20 02:45:22  Default settings are in use.
13/08/20 02:52:09  Default settings are in use.
13/08/20 02:57:47  Default settings are in use.
13/08/20 02:58:13  Default settings are in use.
13/08/20 02:58:27  Default settings are in use.
13/08/20 02:58:42  Default settings are in use.
13/08/20 03:00:24  Default settings are in use.
13/08/20 03:00:48  Default settings are in use.
13/08/20 03:17:33  Default settings are in use.
13/08/20 03:18:39  Default settings are in use.
13/08/20 03:22:06  Default settings are in use.
13/08/20 03:23:37  Default settings are in use.
13/08/20 03:25:39  Default settings are in use.
13/08/20 03:26:24  Application restart -settings change
17/08/20 10:56:20  No handles with labels found to put in legend.
17/08/20 10:59:20  No handles with labels found to put in legend.
17/08/20 05:23:41  No connection with server
18/08/20 07:11:41  No connection with server
18/08/20 11:19:13  Application restart -settings change
18/08/20 11:19:17  Default settings are in use.
18/08/20 11:24:52  Default settings are in use.
18/08/20 11:27:34  Default settings are in use.
18/08/20 11:47:50  No connection with server
19/08/20 02:43:14  No connection with server
19/08/20 05:54:54  No connection with server
20/08/20 07:41:53  No connection with server
21/08/20 02:10:23  No connection with server
21/08/20 05:32:53  No connection with server
